  Shape.cpp
  DxCommon.cpp
  DebugCamera.cpp
  imgui.cpp
  imgui_demo.cpp
  imgui_draw.cpp
  imgui_impl_dx12.cpp
  imgui_impl_win32.cpp
  imgui_tables.cpp
  imgui_widgets.cpp
  function.cpp
  main.cpp
  Math.cpp
  SphereModel.cpp
  Sprite.cpp
  Model.cpp
C:\Users\poifu\OneDrive\デスクトップ\エンジン\engine\EngineCore\DxCommon.cpp(631,16): error C2039: 'DrawTriangle': 'DxCommon' のメンバーではありません
      C:\Users\poifu\OneDrive\デスクトップ\エンジン\engine\EngineCore\DxCommon.h(31,7):
      'DxCommon' の宣言を確認してください
  
C:\Users\poifu\OneDrive\デスクトップ\エンジン\engine\EngineCore\DxCommon.cpp(634,2): error C2065: 'vertexData_': 定義されていない識別子です。
C:\Users\poifu\OneDrive\デスクトップ\エンジン\engine\EngineCore\DxCommon.cpp(635,2): error C2065: 'vertexBuffer_': 定義されていない識別子です。
C:\Users\poifu\OneDrive\デスクトップ\エンジン\engine\EngineCore\DxCommon.cpp(635,40): error C2065: 'device': 定義されていない識別子です。
C:\Users\poifu\OneDrive\デスクトップ\エンジン\engine\EngineCore\DxCommon.cpp(636,2): error C2065: 'vertexBuffer_': 定義されていない識別子です。
C:\Users\poifu\OneDrive\デスクトップ\エンジン\engine\EngineCore\DxCommon.cpp(636,60): error C2065: 'vertexDataPtr_': 定義されていない識別子です。
C:\Users\poifu\OneDrive\デスクトップ\エンジン\engine\EngineCore\DxCommon.cpp(637,2): error C2065: 'vertexDataPtr_': 定義されていない識別子です。
C:\Users\poifu\OneDrive\デスクトップ\エンジン\engine\EngineCore\DxCommon.cpp(638,2): error C2065: 'vertexDataPtr_': 定義されていない識別子です。
C:\Users\poifu\OneDrive\デスクトップ\エンジン\engine\EngineCore\DxCommon.cpp(639,2): error C2065: 'vertexDataPtr_': 定義されていない識別子です。
C:\Users\poifu\OneDrive\デスクトップ\エンジン\engine\EngineCore\DxCommon.cpp(640,2): error C2065: 'vbView_': 定義されていない識別子です。
C:\Users\poifu\OneDrive\デスクトップ\エンジン\engine\EngineCore\DxCommon.cpp(640,27): error C2065: 'vertexBuffer_': 定義されていない識別子です。
C:\Users\poifu\OneDrive\デスクトップ\エンジン\engine\EngineCore\DxCommon.cpp(641,2): error C2065: 'vbView_': 定義されていない識別子です。
C:\Users\poifu\OneDrive\デスクトップ\エンジン\engine\EngineCore\DxCommon.cpp(641,52): error C2065: 'vertexData_': 定義されていない識別子です。
C:\Users\poifu\OneDrive\デスクトップ\エンジン\engine\EngineCore\DxCommon.cpp(642,2): error C2065: 'vbView_': 定義されていない識別子です。
C:\Users\poifu\OneDrive\デスクトップ\エンジン\engine\EngineCore\DxCommon.cpp(645,2): error C2065: 'matrixBuffer_': 定義されていない識別子です。
C:\Users\poifu\OneDrive\デスクトップ\エンジン\engine\EngineCore\DxCommon.cpp(645,40): error C2065: 'device': 定義されていない識別子です。
C:\Users\poifu\OneDrive\デスクトップ\エンジン\engine\EngineCore\DxCommon.cpp(646,2): error C2065: 'matrixBuffer_': 定義されていない識別子です。
C:\Users\poifu\OneDrive\デスクトップ\エンジン\engine\EngineCore\DxCommon.cpp(646,60): error C2065: 'matrixData_': 定義されていない識別子です。
C:\Users\poifu\OneDrive\デスクトップ\エンジン\engine\EngineCore\DxCommon.cpp(647,2): error C2065: 'matrixData_': 定義されていない識別子です。
C:\Users\poifu\OneDrive\デスクトップ\エンジン\engine\EngineCore\DxCommon.cpp(648,2): error C2065: 'matrixData_': 定義されていない識別子です。
C:\Users\poifu\OneDrive\デスクトップ\エンジン\engine\EngineCore\DxCommon.cpp(649,2): error C2065: 'matrixData_': 定義されていない識別子です。
C:\Users\poifu\OneDrive\デスクトップ\エンジン\engine\EngineCore\DxCommon.cpp(650,2): error C2065: 'transform_': 定義されていない識別子です。
C:\Users\poifu\OneDrive\デスクトップ\エンジン\main.cpp(27,18): error C2660: 'Shape::DrawTriangle': 関数に 0 個の引数を指定できません。
      C:\Users\poifu\OneDrive\デスクトップ\エンジン\Utility\Shape\Shape.h(8,14):
      'Shape::DrawTriangle' の宣言を確認してください
      C:\Users\poifu\OneDrive\デスクトップ\エンジン\main.cpp(27,18):
      引数リスト '()' を一致させようとしているとき
  
C:\Users\poifu\OneDrive\デスクトップ\エンジン\engine\EngineCore\DxCommon.cpp(650,13): error C3079: 初期化子リストは、この代入演算子の右オペランドとしては使用できません
C:\Users\poifu\OneDrive\デスクトップ\エンジン\engine\EngineCore\DxCommon.cpp(651,2): error C2065: 'uvTransform_': 定義されていない識別子です。
C:\Users\poifu\OneDrive\デスクトップ\エンジン\engine\EngineCore\DxCommon.cpp(651,15): error C3079: 初期化子リストは、この代入演算子の右オペランドとしては使用できません
C:\Users\poifu\OneDrive\デスクトップ\エンジン\engine\EngineCore\DxCommon.cpp(652,2): error C2065: 'transformationMatrix_': 定義されていない識別子です。
C:\Users\poifu\OneDrive\デスクトップ\エンジン\engine\EngineCore\DxCommon.cpp(653,2): error C2065: 'transformationMatrix_': 定義されていない識別子です。
C:\Users\poifu\OneDrive\デスクトップ\エンジン\engine\EngineCore\DxCommon.cpp(654,2): error C2065: 'transformationMatrix_': 定義されていない識別子です。
C:\Users\poifu\OneDrive\デスクトップ\エンジン\engine\EngineCore\DxCommon.cpp(657,2): error C2065: 'materialBuffer_': 定義されていない識別子です。
C:\Users\poifu\OneDrive\デスクトップ\エンジン\engine\EngineCore\DxCommon.cpp(657,42): error C2065: 'device': 定義されていない識別子です。
C:\Users\poifu\OneDrive\デスクトップ\エンジン\engine\EngineCore\DxCommon.cpp(658,2): error C2065: 'materialBuffer_': 定義されていない識別子です。
C:\Users\poifu\OneDrive\デスクトップ\エンジン\engine\EngineCore\DxCommon.cpp(658,62): error C2065: 'materialData_': 定義されていない識別子です。
C:\Users\poifu\OneDrive\デスクトップ\エンジン\engine\EngineCore\DxCommon.cpp(659,2): error C2065: 'materialData_': 定義されていない識別子です。
C:\Users\poifu\OneDrive\デスクトップ\エンジン\engine\EngineCore\DxCommon.cpp(660,2): error C2065: 'materialData_': 定義されていない識別子です。
C:\Users\poifu\OneDrive\デスクトップ\エンジン\engine\EngineCore\DxCommon.cpp(661,2): error C2065: 'materialData_': 定義されていない識別子です。
C:\Users\poifu\OneDrive\デスクトップ\エンジン\engine\EngineCore\DxCommon.cpp(664,2): error C2065: 'dierctionalLightResource': 定義されていない識別子です。
C:\Users\poifu\OneDrive\デスクトップ\エンジン\engine\EngineCore\DxCommon.cpp(664,51): error C2065: 'device': 定義されていない識別子です。
C:\Users\poifu\OneDrive\デスクトップ\エンジン\engine\EngineCore\DxCommon.cpp(665,2): error C2065: 'dierctionalLightResource': 定義されていない識別子です。
C:\Users\poifu\OneDrive\デスクトップ\エンジン\engine\EngineCore\DxCommon.cpp(665,71): error C2065: 'lightData': 定義されていない識別子です。
C:\Users\poifu\OneDrive\デスクトップ\エンジン\engine\EngineCore\DxCommon.cpp(666,3): error C2065: 'lightData': 定義されていない識別子です。
C:\Users\poifu\OneDrive\デスクトップ\エンジン\engine\EngineCore\DxCommon.cpp(666,13): error C3079: 初期化子リストは、この代入演算子の右オペランドとしては使用できません
C:\Users\poifu\OneDrive\デスクトップ\エンジン\engine\EngineCore\DxCommon.cpp(669,2): error C2065: 'commandList': 定義されていない識別子です。
C:\Users\poifu\OneDrive\デスクトップ\エンジン\engine\EngineCore\DxCommon.cpp(671,2): error C2065: 'commandList': 定義されていない識別子です。
C:\Users\poifu\OneDrive\デスクトップ\エンジン\engine\EngineCore\DxCommon.cpp(671,42): error C2065: 'vbView_': 定義されていない識別子です。
C:\Users\poifu\OneDrive\デスクトップ\エンジン\engine\EngineCore\DxCommon.cpp(673,2): error C2065: 'commandList': 定義されていない識別子です。
C:\Users\poifu\OneDrive\デスクトップ\エンジン\engine\EngineCore\DxCommon.cpp(673,53): error C2065: 'matrixBuffer_': 定義されていない識別子です。
C:\Users\poifu\OneDrive\デスクトップ\エンジン\engine\EngineCore\DxCommon.cpp(674,2): error C2065: 'commandList': 定義されていない識別子です。
C:\Users\poifu\OneDrive\デスクトップ\エンジン\engine\EngineCore\DxCommon.cpp(674,53): error C2065: 'materialBuffer_': 定義されていない識別子です。
C:\Users\poifu\OneDrive\デスクトップ\エンジン\engine\EngineCore\DxCommon.cpp(676,2): error C2065: 'commandList': 定義されていない識別子です。
C:\Users\poifu\OneDrive\デスクトップ\エンジン\engine\EngineCore\DxCommon.cpp(676,50): error C2065: 'textureSrvHandleGPU': 定義されていない識別子です。
C:\Users\poifu\OneDrive\デスクトップ\エンジン\engine\EngineCore\DxCommon.cpp(678,2): error C2065: 'commandList': 定義されていない識別子です。
C:\Users\poifu\OneDrive\デスクトップ\エンジン\engine\EngineCore\DxCommon.cpp(678,53): error C2065: 'dierctionalLightResource': 定義されていない識別子です。
C:\Users\poifu\OneDrive\デスクトップ\エンジン\engine\EngineCore\DxCommon.cpp(680,2): error C2065: 'commandList': 定義されていない識別子です。
